Determining if the pthread_create exist failed with the following output:
Change Dir: /home/siddharth/cpp_center/build/CMakeFiles/CMakeTmp

Run Build Command:/usr/bin/make "cmTryCompileExec347112863/fast"
/usr/bin/make -f CMakeFiles/cmTryCompileExec347112863.dir/build.make CMakeFiles/cmTryCompileExec347112863.dir/build
make[1]: Entering directory `/home/siddharth/cpp_center/build/CMakeFiles/CMakeTmp'
/usr/bin/cmake -E cmake_progress_report /home/siddharth/cpp_center/build/CMakeFiles/CMakeTmp/CMakeFiles 1
Building C object CMakeFiles/cmTryCompileExec347112863.dir/CheckSymbolExists.c.o
/usr/bin/cc    -o CMakeFiles/cmTryCompileExec347112863.dir/CheckSymbolExists.c.o   -c /home/siddharth/cpp_center/build/CMakeFiles/CMakeTmp/CheckSymbolExists.c
Linking C executable cmTryCompileExec347112863
/usr/bin/cmake -E cmake_link_script CMakeFiles/cmTryCompileExec347112863.dir/link.txt --verbose=1
/usr/bin/cc       CMakeFiles/cmTryCompileExec347112863.dir/CheckSymbolExists.c.o  -o cmTryCompileExec347112863 -rdynamic 
CMakeFiles/cmTryCompileExec347112863.dir/CheckSymbolExists.c.o: In function `main':
CheckSymbolExists.c:(.text+0x16): undefined reference to `pthread_create'
collect2: error: ld returned 1 exit status
make[1]: *** [cmTryCompileExec347112863] Error 1
make[1]: Leaving directory `/home/siddharth/cpp_center/build/CMakeFiles/CMakeTmp'
make: *** [cmTryCompileExec347112863/fast] Error 2

File /home/siddharth/cpp_center/build/CMakeFiles/CMakeTmp/CheckSymbolExists.c:
/* */
#include <pthread.h>

int main(int argc, char** argv)
{
  (void)argv;
#ifndef pthread_create
  return ((int*)(&pthread_create))[argc];
#else
  (void)argc;
  return 0;
#endif
}

Determining if the function pthread_create exists in the pthreads failed with the following output:
Change Dir: /home/siddharth/cpp_center/build/CMakeFiles/CMakeTmp

Run Build Command:/usr/bin/make "cmTryCompileExec3454217459/fast"
/usr/bin/make -f CMakeFiles/cmTryCompileExec3454217459.dir/build.make CMakeFiles/cmTryCompileExec3454217459.dir/build
make[1]: Entering directory `/home/siddharth/cpp_center/build/CMakeFiles/CMakeTmp'
/usr/bin/cmake -E cmake_progress_report /home/siddharth/cpp_center/build/CMakeFiles/CMakeTmp/CMakeFiles 1
Building C object CMakeFiles/cmTryCompileExec3454217459.dir/CheckFunctionExists.c.o
/usr/bin/cc   -DCHECK_FUNCTION_EXISTS=pthread_create   -o CMakeFiles/cmTryCompileExec3454217459.dir/CheckFunctionExists.c.o   -c /usr/share/cmake-2.8/Modules/CheckFunctionExists.c
Linking C executable cmTryCompileExec3454217459
/usr/bin/cmake -E cmake_link_script CMakeFiles/cmTryCompileExec3454217459.dir/link.txt --verbose=1
/usr/bin/cc   -DCHECK_FUNCTION_EXISTS=pthread_create    CMakeFiles/cmTryCompileExec3454217459.dir/CheckFunctionExists.c.o  -o cmTryCompileExec3454217459 -rdynamic -lpthreads 
/usr/bin/ld: cannot find -lpthreads
collect2: error: ld returned 1 exit status
make[1]: Leaving directory `/home/siddharth/cpp_center/build/CMakeFiles/CMakeTmp'
make[1]: *** [cmTryCompileExec3454217459] Error 1
make: *** [cmTryCompileExec3454217459/fast] Error 2


